<?xml version="1.0" encoding="UTF-8"?>
<testng-results skipped="0" failed="0" ignored="0" total="1" passed="1">
  <reporter-output>
  </reporter-output>
  <suite name="testNG" duration-ms="15792" started-at="2019-06-08T18:10:58Z" finished-at="2019-06-08T18:11:13Z">
    <groups>
    </groups>
    <test name="UI_table_Validation" duration-ms="15792" started-at="2019-06-08T18:10:58Z" finished-at="2019-06-08T18:11:13Z">
      <class name="Maven.NewDesign.UI_table_Validation">
        <test-method status="PASS" signature="TestSuite()[pri:0, instance:Maven.NewDesign.UI_table_Validation@5f341870]" name="TestSuite" duration-ms="15727" started-at="2019-06-08T18:10:58Z" finished-at="2019-06-08T18:11:13Z">
          <reporter-output>
          </reporter-output>
        </test-method> <!-- TestSuite -->
      </class> <!-- Maven.NewDesign.UI_table_Validation -->
    </test> <!-- UI_table_Validation -->
  </suite> <!-- testNG -->
</testng-results>
